<?xml version="1.0" encoding="UTF-8"?>
<!-- Generated by org.testng.reporters.JUnitReportReporter -->
<testsuite ignored="0" hostname="DESKTOP-CPCC646" failures="0" tests="1" name="test.TestSel" time="3.992" errors="0" timestamp="02 abr. 2022 14:14:02 GMT" skipped="0">
  <testcase classname="test.TestSel" name="selenium_test01" time="3.992"/>
</testsuite> <!-- test.TestSel -->
